<?xml version="1.0" encoding="UTF-8"?>
<!-- Generated by org.testng.reporters.JUnitReportReporter -->
<testsuite hostname="LAPTOP-R2TDNRH5" failures="0" tests="3" name="methods.RightClickDoubleClick" time="0.481" errors="0" timestamp="16 Jun 2023 11:04:31 GMT" skipped="0">
  <testcase classname="methods.RightClickDoubleClick" name="doubleClick" time="0.195"/>
  <testcase classname="methods.RightClickDoubleClick" name="click" time="0.110"/>
  <testcase classname="methods.RightClickDoubleClick" name="rightClick" time="0.176"/>
</testsuite> <!-- methods.RightClickDoubleClick -->
