<?xml version="1.0" encoding="UTF-8"?>
<!-- Generated by org.testng.reporters.JUnitReportReporter -->
<testsuite hostname="LAPTOP-R2TDNRH5" failures="0" tests="1" name="methods.LinksTabs" time="1.166" errors="0" timestamp="16 Jun 2023 10:51:44 GMT" skipped="0">
  <testcase classname="methods.LinksTabs" name="newTabHandle" time="1.166"/>
</testsuite> <!-- methods.LinksTabs -->
