<?xml version="1.0" encoding="UTF-8"?>
<!-- Generated by org.testng.reporters.JUnitReportReporter -->
<testsuite hostname="LAPTOP-R2TDNRH5" failures="0" tests="2" name="methods.Autocomplete" time="2.034" errors="0" timestamp="23 Jun 2023 13:22:29 GMT" skipped="0">
  <testcase classname="methods.Autocomplete" name="typemultiple" time="0.819"/>
  <testcase classname="methods.Autocomplete" name="typesingle" time="1.215"/>
</testsuite> <!-- methods.Autocomplete -->
