<?xml version="1.0" encoding="UTF-8"?>
<!-- Generated by org.testng.reporters.JUnitReportReporter -->
<testsuite hostname="LAPTOP-R2TDNRH5" failures="0" tests="3" name="methods.DynamicProperties" time="2.957" errors="0" timestamp="16 Jun 2023 10:50:06 GMT" skipped="0">
  <testcase classname="methods.DynamicProperties" name="visibleAfter5Sec" time="0.061"/>
  <testcase classname="methods.DynamicProperties" name="enableAfter5Sec" time="2.821"/>
  <testcase classname="methods.DynamicProperties" name="colorChange" time="0.075"/>
</testsuite> <!-- methods.DynamicProperties -->
