<?xml version="1.0" encoding="UTF-8"?>
<!-- Generated by org.testng.reporters.JUnitReportReporter -->
<testsuite hostname="LAPTOP-R2TDNRH5" failures="0" tests="2" name="methods.Hover" time="0.657" errors="0" timestamp="23 Jun 2023 13:28:53 GMT" skipped="0">
  <testcase classname="methods.Hover" name="mouseHoverClick" time="0.271"/>
  <testcase classname="methods.Hover" name="mouseHover" time="0.386"/>
</testsuite> <!-- methods.Hover -->
