<?xml version="1.0" encoding="UTF-8"?>
<!-- Generated by org.testng.reporters.JUnitReportReporter -->
<testsuite hostname="LAPTOP-R2TDNRH5" failures="0" tests="6" name="methods.MenuSelection" time="1.163" errors="0" timestamp="20 Jun 2023 05:21:41 GMT" skipped="0">
  <testcase classname="methods.MenuSelection" name="menuOneSelection" time="0.291"/>
  <testcase classname="methods.MenuSelection" name="menuTwoSelection" time="0.172"/>
  <testcase classname="methods.MenuSelection" name="SubMenuSelection" time="0.190"/>
  <testcase classname="methods.MenuSelection" name="SubListSelection" time="0.165"/>
  <testcase classname="methods.MenuSelection" name="SubSubMenuSelection" time="0.180"/>
  <testcase classname="methods.MenuSelection" name="menuThreeSelection" time="0.165"/>
</testsuite> <!-- methods.MenuSelection -->
