<?xml version="1.0" encoding="UTF-8"?>
<!-- Generated by org.testng.reporters.JUnitReportReporter -->
<testsuite hostname="LAPTOP-R2TDNRH5" failures="0" tests="2" name="methods.TabsAndWindow" time="2.399" errors="0" timestamp="16 Jun 2023 11:18:47 GMT" skipped="0">
  <testcase classname="methods.TabsAndWindow" name="newwindow" time="1.260"/>
  <testcase classname="methods.TabsAndWindow" name="newTab" time="1.139"/>
</testsuite> <!-- methods.TabsAndWindow -->
