<?xml version="1.0" encoding="UTF-8"?>
<!-- Generated by org.testng.reporters.JUnitReportReporter -->
<testsuite hostname="LAPTOP-R2TDNRH5" failures="0" tests="4" name="methods.HandleAlerts" time="6.279" errors="0" timestamp="16 Jun 2023 11:13:06 GMT" skipped="0">
  <testcase classname="methods.HandleAlerts" name="simpleAlert" time="0.043"/>
  <testcase classname="methods.HandleAlerts" name="confirmAlertButton" time="0.093"/>
  <testcase classname="methods.HandleAlerts" name="timerAlertButton" time="6.064"/>
  <testcase classname="methods.HandleAlerts" name="promptAlertButton" time="0.079"/>
</testsuite> <!-- methods.HandleAlerts -->
