<?xml version="1.0" encoding="UTF-8"?>
<!-- Generated by org.testng.reporters.JUnitReportReporter -->
<testsuite hostname="LAPTOP-R2TDNRH5" failures="0" tests="1" name="methods.MenuSubmenu" time="0.703" errors="0" timestamp="20 Jun 2023 14:31:36 GMT" skipped="0">
  <testcase classname="methods.MenuSubmenu" name="subMenu" time="0.703"/>
</testsuite> <!-- methods.MenuSubmenu -->
