<?xml version="1.0" encoding="UTF-8"?>
<!-- Generated by org.testng.reporters.JUnitReportReporter -->
<testsuite hostname="LAPTOP-R2TDNRH5" failures="0" tests="2" name="methods.DatePicker" time="3.071" errors="0" timestamp="14 Jun 2023 13:00:37 GMT" skipped="0">
  <testcase classname="methods.DatePicker" name="datePickerFrom" time="0.527"/>
  <testcase classname="methods.DatePicker" name="datePickerTo" time="2.544"/>
</testsuite> <!-- methods.DatePicker -->
