<?xml version="1.0" encoding="UTF-8"?>
<!-- Generated by org.testng.reporters.JUnitReportReporter -->
<testsuite hostname="LAPTOP-R2TDNRH5" failures="0" tests="1" name="methods.Slider" time="0.613" errors="0" timestamp="23 Jun 2023 13:19:32 GMT" skipped="0">
  <testcase classname="methods.Slider" name="slider" time="0.613"/>
</testsuite> <!-- methods.Slider -->
