<?xml version="1.0" encoding="UTF-8"?>
<!-- Generated by org.testng.reporters.JUnitReportReporter -->
<testsuite hostname="LAPTOP-R2TDNRH5" failures="0" tests="1" name="methods.Sample" time="3.200" errors="0" timestamp="20 Jun 2023 16:14:10 GMT" skipped="0">
  <testcase classname="methods.Sample" name="setup" time="3.200"/>
</testsuite> <!-- methods.Sample -->
