<?xml version="1.0" encoding="UTF-8"?>
<!-- Generated by org.testng.reporters.JUnitReportReporter -->
<testsuite hostname="LAPTOP-R2TDNRH5" failures="0" tests="1" name="methods.NestedFrame" time="2.371" errors="0" timestamp="20 Jun 2023 16:37:12 GMT" skipped="0">
  <testcase classname="methods.NestedFrame" name="nestedFrame" time="2.371"/>
</testsuite> <!-- methods.NestedFrame -->
