<?xml version="1.0" encoding="UTF-8"?>
<!-- Generated by org.testng.reporters.JUnitReportReporter -->
<testsuite hostname="LAPTOP-R2TDNRH5" failures="0" tests="1" name="methods.sdsd" time="0.175" errors="0" timestamp="16 Jun 2023 11:15:28 GMT" skipped="0">
  <testcase classname="methods.sdsd" name="singleFrame" time="0.175"/>
</testsuite> <!-- methods.sdsd -->
