<?xml version="1.0" encoding="UTF-8"?>
<!-- Generated by org.testng.reporters.JUnitReportReporter -->
<testsuite hostname="LAPTOP-R2TDNRH5" failures="0" tests="1" name="methods.DatePickerDemo" time="78.318" errors="0" timestamp="26 Jun 2023 16:51:12 GMT" skipped="0">
  <testcase classname="methods.DatePickerDemo" name="launchBrowser" time="78.318"/>
</testsuite> <!-- methods.DatePickerDemo -->
