<?xml version="1.0" encoding="UTF-8"?>
<!-- Generated by org.testng.reporters.JUnitReportReporter -->
<testsuite hostname="LAPTOP-R2TDNRH5" failures="0" tests="1" name="methods.Tabs" time="0.278" errors="0" timestamp="23 Jun 2023 13:23:51 GMT" skipped="0">
  <testcase classname="methods.Tabs" name="tabs" time="0.278"/>
</testsuite> <!-- methods.Tabs -->
