<?xml version="1.0" encoding="UTF-8"?>
<!-- Generated by org.testng.reporters.JUnitReportReporter -->
<testsuite hostname="LAPTOP-R2TDNRH5" failures="0" tests="2" name="methods.ModalDailouge" time="2.378" errors="0" timestamp="16 Jun 2023 11:16:56 GMT" skipped="0">
  <testcase classname="methods.ModalDailouge" name="largeModal" time="1.205"/>
  <testcase classname="methods.ModalDailouge" name="smallModal" time="1.173"/>
</testsuite> <!-- methods.ModalDailouge -->
