<?xml version="1.0" encoding="UTF-8"?>
<!-- Generated by org.testng.reporters.JUnitReportReporter -->
<testsuite hostname="LAPTOP-R2TDNRH5" failures="0" tests="1" name="methods.Checkbox" time="4.568" errors="0" timestamp="16 Jun 2023 11:09:20 GMT" skipped="0">
  <testcase classname="methods.Checkbox" name="handleCheckBox" time="4.568"/>
</testsuite> <!-- methods.Checkbox -->
