<?xml version="1.0" encoding="UTF-8"?>
<!-- Generated by org.testng.reporters.JUnitReportReporter -->
<testsuite hostname="LAPTOP-R2TDNRH5" failures="0" tests="1" name="methods.Tooltip" time="0.502" errors="0" timestamp="23 Jun 2023 13:31:45 GMT" skipped="0">
  <testcase classname="methods.Tooltip" name="tabs" time="0.502"/>
</testsuite> <!-- methods.Tooltip -->
