<?xml version="1.0" encoding="UTF-8"?>
<!-- Generated by org.testng.reporters.JUnitReportReporter -->
<testsuite hostname="LAPTOP-R2TDNRH5" failures="0" tests="2" name="methods.Selectable" time="3.957" errors="0" timestamp="23 Jun 2023 13:16:33 GMT" skipped="0">
  <testcase classname="methods.Selectable" name="selectableList" time="1.350"/>
  <testcase classname="methods.Selectable" name="selectableGrid" time="2.607"/>
</testsuite> <!-- methods.Selectable -->
