<?xml version="1.0" encoding="UTF-8"?>
<!-- Generated by org.testng.reporters.JUnitReportReporter -->
<testsuite hostname="LAPTOP-R2TDNRH5" failures="0" tests="1" name="methods.ReactDatePicker" time="1.024" errors="0" timestamp="16 Jun 2023 10:56:32 GMT" skipped="0">
  <testcase classname="methods.ReactDatePicker" name="selectDate" time="1.024"/>
</testsuite> <!-- methods.ReactDatePicker -->
