<?xml version="1.0" encoding="UTF-8"?>
<!-- Generated by org.testng.reporters.JUnitReportReporter -->
<testsuite hostname="LAPTOP-R2TDNRH5" failures="0" tests="1" name="methods.Iframe" time="0.314" errors="0" timestamp="20 Jun 2023 16:35:23 GMT" skipped="0">
  <testcase classname="methods.Iframe" name="singleFrame" time="0.314"/>
</testsuite> <!-- methods.Iframe -->
