<?xml version="1.0" encoding="UTF-8"?>
<!-- Generated by org.testng.reporters.JUnitReportReporter -->
<testsuite hostname="LAPTOP-R2TDNRH5" failures="0" tests="5" name="methods.MultiSelect" time="3.659" errors="0" timestamp="23 Jun 2023 13:30:44 GMT" skipped="0">
  <testcase classname="methods.MultiSelect" name="oldSelect" time="0.538"/>
  <testcase classname="methods.MultiSelect" name="multiSelect" time="1.452"/>
  <testcase classname="methods.MultiSelect" name="selectOne" time="0.351"/>
  <testcase classname="methods.MultiSelect" name="selectValue" time="0.271"/>
  <testcase classname="methods.MultiSelect" name="multiSelect1" time="1.047"/>
</testsuite> <!-- methods.MultiSelect -->
