<?xml version="1.0" encoding="UTF-8"?>
<!-- Generated by org.testng.reporters.JUnitReportReporter -->
<testsuite hostname="LAPTOP-R2TDNRH5" failures="0" tests="1" name="methods.Accodian" time="0.637" errors="0" timestamp="23 Jun 2023 13:25:14 GMT" skipped="0">
  <testcase classname="methods.Accodian" name="clickAccodian" time="0.637"/>
</testsuite> <!-- methods.Accodian -->
