<?xml version="1.0" encoding="UTF-8"?>
<!-- Generated by org.testng.reporters.JUnitReportReporter -->
<testsuite hostname="LAPTOP-R2TDNRH5" failures="0" tests="1" name="methods.TextBox" time="0.627" errors="0" timestamp="13 Jun 2023 11:49:17 GMT" skipped="0">
  <testcase classname="methods.TextBox" name="handleTextBox" time="0.627"/>
</testsuite> <!-- methods.TextBox -->
