<?xml version="1.0" encoding="UTF-8"?>
<!-- Generated by org.testng.reporters.JUnitReportReporter -->
<testsuite hostname="LAPTOP-R2TDNRH5" failures="0" tests="1" name="methods.Sortable" time="2.396" errors="0" timestamp="23 Jun 2023 13:18:13 GMT" skipped="0">
  <testcase classname="methods.Sortable" name="sortable" time="2.396"/>
</testsuite> <!-- methods.Sortable -->
