<?xml version="1.0" encoding="UTF-8"?>
<!-- Generated by org.testng.reporters.JUnitReportReporter -->
<testsuite hostname="LAPTOP-R2TDNRH5" failures="0" tests="9" name="methods.PracticeForm" time="8.821" errors="0" timestamp="02 Jul 2023 04:34:08 GMT" skipped="0">
  <testcase classname="methods.PracticeForm" name="enterData" time="0.313"/>
  <testcase classname="methods.PracticeForm" name="autoSuggestionDropdown" time="1.223"/>
  <testcase classname="methods.PracticeForm" name="selectcity" time="0.075"/>
  <testcase classname="methods.PracticeForm" name="selectGender" time="0.153"/>
  <testcase classname="methods.PracticeForm" name="selectDate" time="0.479"/>
  <testcase classname="methods.PracticeForm" name="uploadImage" time="6.060"/>
  <testcase classname="methods.PracticeForm" name="selectHobbies" time="0.162"/>
  <testcase classname="methods.PracticeForm" name="clickSubmit" time="0.151"/>
  <testcase classname="methods.PracticeForm" name="selectState" time="0.205"/>
</testsuite> <!-- methods.PracticeForm -->
