<?xml version="1.0" encoding="UTF-8"?>
<!-- Generated by org.testng.reporters.JUnitReportReporter -->
<testsuite hostname="LAPTOP-R2TDNRH5" failures="0" tests="2" name="methods.DateAndTimePicker" time="1.295" errors="0" timestamp="26 Jun 2023 15:06:43 GMT" skipped="0">
  <testcase classname="methods.DateAndTimePicker" name="selectDateandTime" time="0.382"/>
  <testcase classname="methods.DateAndTimePicker" name="selectDate" time="0.913"/>
</testsuite> <!-- methods.DateAndTimePicker -->
