<?xml version="1.0" encoding="UTF-8"?>
<!-- Generated by org.testng.reporters.JUnitReportReporter -->
<testsuite hostname="LAPTOP-R2TDNRH5" failures="0" tests="1" name="methods.ProgressBar" time="0.141" errors="0" timestamp="23 Jun 2023 13:27:32 GMT" skipped="0">
  <testcase classname="methods.ProgressBar" name="handleProgressBar" time="0.141"/>
</testsuite> <!-- methods.ProgressBar -->
