<?xml version="1.0" encoding="UTF-8"?>
<!-- Generated by org.testng.reporters.JUnitReportReporter -->
<testsuite hostname="LAPTOP-R2TDNRH5" failures="0" tests="1" name="methods.Textboxes" time="0.625" errors="0" timestamp="13 Jun 2023 11:46:44 GMT" skipped="0">
  <testcase classname="methods.Textboxes" name="textbox" time="0.625"/>
</testsuite> <!-- methods.Textboxes -->
